#rank	score	class	gene	tx	chrom	pos	id	ref	alt
1	0.813	likely pathogenic	ACVRL1	NM_001077401	12	52312899	.	G	C	#	This	is	the	ACVRL1	variant	mentioned	in	the	paper
2	0.118	likely benign	PLK3	NM_004073	1	45269348	.	G	A	100	PASS	AC=1;AN=2;AVGPOST=0.9997;BAVGPOST=1.000;BRSQ=0.984;ERATE=0.0004;EXSNP;LCSNP;LDAF=0.0052;RSQ=0.9771;THETA=0.0005	GT:DS:GL:BD	0|1:1.000:-5.00,0.00,-5.00:1
3	0.074	likely benign	MED8	NM_201542	1	43851797	.	G	A	100	PASS	AC=1;AN=2;AVGPOST=1.0000;BAVGPOST=1.000;BRSQ=0.999;ERATE=0.0003;EXSNP;LCSNP;LDAF=0.0261;RSQ=0.9991;THETA=0.0005	GT:DS:GL:BD	0|1:1.000:-5.00,0.00,-5.00:1
4	0.056	likely benign	HYI	NM_031207	1	43917888	.	C	G	100	PASS	AC=1;AN=2;AVGPOST=0.9999;BAVGPOST=1.000;BRSQ=0.997;ERATE=0.0003;EXSNP;LCSNP;LDAF=0.0156;RSQ=0.9963;THETA=0.0012	GT:DS:GL:BD	1|0:1.000:-5.00,0.00,-5.00:1
5	0.038	likely benign	CLCNKA	NM_001042704	1	16356533	.	T	C	100	PASS	AC=1;AN=2;AVGPOST=0.9977;BAVGPOST=0.998;BRSQ=0.984;ERATE=0.0003;EXSNP;LCSNP;LDAF=0.0455;RSQ=0.9802;THETA=0.0009	GT:DS:GL:BD	0|1:1.000:-5.00,0.00,-5.00:1
6	0.037	likely benign	ALDH4A1	NM_003748	1	19203961	.	C	T	100	PASS	AC=1;AN=2;AVGPOST=0.9991;BAVGPOST=0.998;BRSQ=0.965;ERATE=0.0003;EXSNP;LCSNP;LDAF=0.0196;RSQ=0.9804;THETA=0.0098	GT:DS:GL:BD	1|0:1.000:-5.00,0.00,-5.00:1
7	0.020	likely benign	SPEN	NM_015001	1	16265904	.	T	A	100	PASS	AC=1;AN=2;AVGPOST=1.0000;BAVGPOST=1.000;BRSQ=1.000;ERATE=0.0003;EXSNP;LCSNP;LDAF=0.0434;RSQ=1.0000;THETA=0.0005	GT:DS:GL:BD	0|1:1.000:-5.00,0.00,-5.00:1
8	0.017	likely benign	SAMD11	NM_152486	1	878314	.	G	C	100	PASS	AC=1;AN=2;AVGPOST=0.9872;BAVGPOST=0.989;BRSQ=0.893;ERATE=0.0005;EXSNP;LCSNP;LDAF=0.0518;RSQ=0.9019;THETA=0.0007	GT:DS:GL:BD	0|1:1.000:-5.00,-0.00,-1.98:1
9	0.011	likely benign	C1orf173	NM_001002912	1	75037731	.	A	G	100	PASS	AC=1;AN=2;AVGPOST=1.0000;BAVGPOST=1.000;BRSQ=0.984;ERATE=0.0003;EXSNP;LCSNP;LDAF=0.0014;RSQ=0.9844;THETA=0.0005	GT:DS:GL:BD	1|0:1.000:-5.00,0.00,-5.00:1
10	0.010	likely benign	ZZZ3	NM_015534	1	78047503	.	C	T	100	PASS	AC=1;AN=2;AVGPOST=1.0000;BAVGPOST=1.000;BRSQ=1.000;ERATE=0.0003;EXSNP;LCSNP;LDAF=0.0091;RSQ=1.0000;THETA=0.0005	GT:DS:GL:BD	0|1:1.000:-5.00,0.00,-5.00:1
11.5	0.006	likely benign	ZNF644	NM_201269	1	91406272	.	C	T	100	PASS	AC=1;AN=2;AVGPOST=0.9999;BAVGPOST=1.000;BRSQ=0.996;ERATE=0.0003;EXSNP;LCSNP;LDAF=0.0009;RSQ=0.9524;THETA=0.0008	GT:DS:GL:BD	1|0:1.000:-5.00,0.00,-5.00:1
11.5	0.006	likely benign	LRRC47	NM_020710	1	3712513	.	G	C	100	PASS	AC=1;AN=2;AVGPOST=0.9998;BAVGPOST=1.000;BRSQ=1.000;ERATE=0.0003;EXSNP;LCSNP;LDAF=0.0138;RSQ=0.9921;THETA=0.0002	GT:DS:GL:BD	1|0:1.000:-5.00,0.00,-5.00:1
13.5	0.006	likely benign	INADL	NM_176877	1	62330134	.	G	A	100	PASS	AC=1;AN=2;AVGPOST=0.9999;BAVGPOST=1.000;BRSQ=0.995;ERATE=0.0003;EXSNP;LCSNP;LDAF=0.0046;RSQ=0.9862;THETA=0.0003	GT:DS:GL:BD	0|1:0.950:-5.00,0.00,-5.00:1
13.5	0.006	likely benign	HECTD3	NM_024602	1	45475881	.	T	C	100	PASS	AC=1;AN=2;AVGPOST=0.9995;BAVGPOST=1.000;BRSQ=0.983;ERATE=0.0003;EXSNP;LCSNP;LDAF=0.0054;RSQ=0.9660;THETA=0.0010	GT:DS:GL:BD	0|1:1.000:-5.00,0.00,-5.00:1
15.5	0.005	likely benign	FAM167B	NM_032648	1	32713241	.	C	T	100	PASS	AC=1;AN=2;AVGPOST=0.9992;BAVGPOST=1.000;BRSQ=0.989;ERATE=0.0004;EXSNP;LCSNP;LDAF=0.0151;RSQ=0.9786;THETA=0.0008	GT:DS:GL:BD	0|1:1.000:-5.00,0.00,-5.00:1
15.5	0.005	likely benign	LRRC47	NM_020710	1	3700618	.	G	A	100	PASS	AC=1;AN=2;AVGPOST=1.0000;BAVGPOST=1.000;BRSQ=1.000;ERATE=0.0003;EXSNP;LCSNP;LDAF=0.0137;RSQ=0.9984;THETA=0.0006	GT:DS:GL:BD	1|0:1.000:-5.00,0.00,-5.00:1
17.5	0.005	likely benign	ALG6	NM_013339	1	63894794	.	T	C	100	PASS	AC=1;AN=2;AVGPOST=0.9997;BAVGPOST=1.000;BRSQ=0.994;ERATE=0.0003;EXSNP;LCSNP;LDAF=0.0061;RSQ=0.9805;THETA=0.0003	GT:DS:GL:BD	0|1:1.000:-5.00,0.00,-5.00:1
17.5	0.005	likely benign	SLC2A1	NM_006516	1	43408984	.	C	T	100	PASS	AC=1;AN=2;AVGPOST=1.0000;BAVGPOST=1.000;BRSQ=0.976;ERATE=0.0003;EXSNP;LCSNP;LDAF=0.0013;RSQ=0.9839;THETA=0.0002	GT:DS:GL:BD	0|1:0.950:-5.00,0.00,-5.00:1
19.5	0.004	likely benign	SPATA21	NM_198546	1	16748432	.	C	T	100	PASS	AC=1;AN=2;AVGPOST=1.0000;BAVGPOST=1.000;BRSQ=1.000;ERATE=0.0003;EXSNP;LCSNP;LDAF=0.0343;RSQ=0.9994;THETA=0.0005	GT:DS:GL:BD	1|0:1.000:-5.00,0.00,-5.00:1
19.5	0.004	likely benign	ST6GALNAC5	NM_030965	1	77510008	.	C	A	100	PASS	AC=1;AN=2;AVGPOST=0.9996;BAVGPOST=1.000;BRSQ=0.997;ERATE=0.0003;EXSNP;LCSNP;LDAF=0.0211;RSQ=0.9916;THETA=0.0005	GT:DS:GL:BD	1|0:1.000:-5.00,0.00,-5.00:1
21	0.003	likely benign	NBPF3	NM_032264	1	21795287	.	G	A	100	PASS	AC=1;AN=2;AVGPOST=0.9999;BAVGPOST=1.000;BRSQ=1.000;ERATE=0.0003;EXSNP;LCSNP;LDAF=0.0489;RSQ=0.9992;THETA=0.0006	GT:DS:GL:BD	1|0:1.000:-5.00,0.00,-5.00:1
22	0.003	likely benign	GIPC2	NM_017655	1	78601415	.	A	G	100	PASS	AC=1;AN=2;AVGPOST=1.0000;BAVGPOST=1.000;BRSQ=1.000;ERATE=0.0003;EXSNP;LCSNP;LDAF=0.0215;RSQ=0.9990;THETA=0.0006	GT:DS:GL:BD	1|0:1.000:-5.00,0.00,-5.00:1
23.5	0.001	likely benign	C1orf52	NM_198077	1	85724283	.	C	T	100	PASS	AC=1;AN=2;AVGPOST=1.0000;BAVGPOST=1.000;BRSQ=1.000;ERATE=0.0003;EXSNP;LCSNP;LDAF=0.0366;RSQ=1.0000;THETA=0.0004	GT:DS:GL:BD	1|0:1.000:-5.00,0.00,-5.00:1
23.5	0.001	likely benign	MACF1	NM_012090	1	39816546	.	G	A	100	PASS	AC=1;AN=2;AVGPOST=0.9998;BAVGPOST=0.999;BRSQ=0.995;ERATE=0.0003;EXSNP;LCSNP;LDAF=0.0485;RSQ=0.9979;THETA=0.0003	GT:DS:GL:BD	0|1:1.000:-5.00,0.00,-5.00:1
26	0.001	likely benign	BMP8A	NM_181809	1	39988708	.	A	G	100	PASS	AC=1;AN=2;AVGPOST=0.9969;BAVGPOST=0.997;BRSQ=0.968;ERATE=0.0013;EXSNP;LCSNP;LDAF=0.0425;RSQ=0.9707;THETA=0.0057	GT:DS:GL:BD	0|1:1.000:-5.00,0.00,-5.00:1
26	0.001	likely benign	PTGFR	NM_001039585	1	78958491	.	C	T	100	PASS	AC=1;AN=2;AVGPOST=0.9993;BAVGPOST=0.999;BRSQ=0.990;ERATE=0.0004;EXSNP;LCSNP;LDAF=0.0481;RSQ=0.9944;THETA=0.0002	GT:DS:GL:BD	1|0:1.000:-5.00,0.00,-5.00:1
26	0.001	likely benign	EPHA2	NM_004431	1	16458339	.	G	A	100	PASS	AC=1;AN=2;AVGPOST=1.0000;BAVGPOST=1.000;BRSQ=0.994;ERATE=0.0003;EXSNP;LCSNP;LDAF=0.0050;RSQ=1.0000;THETA=0.0010	GT:DS:GL:BD	1|0:1.000:-5.00,0.00,-5.00:1
28.5	0.000	likely benign	TRNP1	NM_001013642	1	27320730	.	G	T	100	PASS	AC=1;AN=2;AVGPOST=0.9564;BAVGPOST=0.947;BRSQ=0.402;ERATE=0.0022;EXSNP;LCSNP;LDAF=0.0501;RSQ=0.6199;THETA=0.0013	GT:DS:GL:BD	0|1:0.850:-0.19,-0.46,-2.50:0.5306
28.5	0.000	likely benign	C8A	NM_000562	1	57333312	.	A	G	100	PASS	AC=1;AN=2;AVGPOST=1.0000;BAVGPOST=1.000;BRSQ=1.000;ERATE=0.0003;EXSNP;LCSNP;LDAF=0.0096;RSQ=0.9977;THETA=0.0002	GT:DS:GL:BD	0|1:1.000:-5.00,0.00,-5.00:1
